<?xml version="1.0" encoding="UTF-8"?>
<!-- Generated by org.testng.reporters.JUnitReportReporter -->
<testsuite ignored="0" hostname="Hasans-MBP.lan" failures="0" tests="3" name="Day33ParameterizationTesting.FacebookRegistration" time="5.260" errors="0" timestamp="29 Nov 2022 03:58:24 GMT" skipped="0">
  <testcase classname="Day33ParameterizationTesting.FacebookRegistration" name="fbtest" time="0.541"/>
  <testcase classname="Day33ParameterizationTesting.FacebookRegistration" name="fbtest" time="3.502"/>
  <testcase classname="Day33ParameterizationTesting.FacebookRegistration" name="fbtest" time="1.217"/>
</testsuite> <!-- Day33ParameterizationTesting.FacebookRegistration -->
