<?xml version="1.0" encoding="UTF-8"?>
<!-- Generated by org.testng.reporters.JUnitReportReporter -->
<testsuite ignored="0" hostname="Hasans-MBP.localdomain" failures="0" tests="2" name="Day32TitleTest.Amex" time="30.094" errors="0" timestamp="12 Feb 2023 22:34:54 GMT" skipped="0">
  <testcase classname="Day32TitleTest.Amex" name="titleTest" time="0.091"/>
  <testcase classname="Day32TitleTest.Amex" name="AccountLogin" time="30.003"/>
</testsuite> <!-- Day32TitleTest.Amex -->
