<?xml version="1.0" encoding="UTF-8"?>
<!-- Generated by org.testng.reporters.JUnitReportReporter -->
<testsuite ignored="0" hostname="Hasans-MBP.lan" failures="0" tests="3" name="Day34ValueFromExcel.FacebookRegistrationTestCase" time="42.467" errors="0" timestamp="24 Nov 2022 02:33:17 GMT" skipped="0">
  <testcase classname="Day34ValueFromExcel.FacebookRegistrationTestCase" name="RunFacebook" time="14.739"/>
  <testcase classname="Day34ValueFromExcel.FacebookRegistrationTestCase" name="RunFacebook" time="13.659"/>
  <testcase classname="Day34ValueFromExcel.FacebookRegistrationTestCase" name="RunFacebook" time="14.069"/>
</testsuite> <!-- Day34ValueFromExcel.FacebookRegistrationTestCase -->
