<?xml version="1.0" encoding="UTF-8"?>
<!-- Generated by org.testng.reporters.JUnitReportReporter -->
<testsuite ignored="0" hostname="Hasans-MBP.lan" failures="0" tests="2" name="Day35Annotations.A" time="0.010" errors="0" timestamp="14 Mar 2023 04:38:55 GMT" skipped="0">
  <testcase classname="Day35Annotations.A" name="test2" time="0.004"/>
  <testcase classname="Day35Annotations.A" name="test1" time="0.006"/>
</testsuite> <!-- Day35Annotations.A -->
