<?xml version="1.0" encoding="UTF-8"?>
<!-- Generated by org.testng.reporters.JUnitReportReporter -->
<testsuite ignored="0" hostname="Hasans-MBP.lan" failures="0" tests="2" name="Day35Annotations.D" time="0.003" errors="0" timestamp="14 Mar 2023 04:38:55 GMT" skipped="0">
  <testcase classname="Day35Annotations.D" name="test7" time="0.001"/>
  <testcase classname="Day35Annotations.D" name="test8" time="0.002"/>
</testsuite> <!-- Day35Annotations.D -->
