<?xml version="1.0" encoding="UTF-8"?>
<!-- Generated by org.testng.reporters.JUnitReportReporter -->
<testsuite ignored="0" hostname="Hasans-MBP.lan" failures="0" tests="3" name="Day34PracticeAgain.FacebookRegistrationTestCase" time="35.626" errors="0" timestamp="18 Aug 2022 02:28:41 GMT" skipped="0">
  <testcase classname="Day34PracticeAgain.FacebookRegistrationTestCase" name="RunFacebook" time="9.991"/>
  <testcase classname="Day34PracticeAgain.FacebookRegistrationTestCase" name="RunFacebook" time="13.593"/>
  <testcase classname="Day34PracticeAgain.FacebookRegistrationTestCase" name="RunFacebook" time="12.042"/>
</testsuite> <!-- Day34PracticeAgain.FacebookRegistrationTestCase -->
