<?xml version="1.0" encoding="UTF-8"?>
<!-- Generated by org.testng.reporters.JUnitReportReporter -->
<testsuite ignored="0" hostname="Hasans-MBP.lan" failures="0" tests="2" name="Day33ParameterizationTesting.ExcelReader2" time="3.039" errors="0" timestamp="15 Aug 2022 23:23:32 GMT" skipped="0">
  <testcase classname="Day33ParameterizationTesting.ExcelReader2" name="fbtest" time="2.532"/>
  <testcase classname="Day33ParameterizationTesting.ExcelReader2" name="fbtest" time="0.507"/>
</testsuite> <!-- Day33ParameterizationTesting.ExcelReader2 -->
