<?xml version="1.0" encoding="UTF-8"?>
<!-- Generated by org.testng.reporters.JUnitReportReporter -->
<testsuite ignored="0" hostname="Hasans-MBP.lan" failures="0" tests="2" name="Day35Annotations.C" time="0.005" errors="0" timestamp="14 Mar 2023 04:38:55 GMT" skipped="0">
  <testcase classname="Day35Annotations.C" name="test5" time="0.003"/>
  <testcase classname="Day35Annotations.C" name="test6" time="0.002"/>
</testsuite> <!-- Day35Annotations.C -->
