<?xml version="1.0" encoding="UTF-8"?>
<!-- Generated by org.testng.reporters.JUnitReportReporter -->
<testsuite ignored="0" hostname="Hasans-MBP.lan" failures="0" tests="1" name="Day33ParameterizationTesting.ExcelReaderHelper" time="0.000" errors="0" timestamp="16 Aug 2022 03:22:49 GMT" skipped="1">
  <testcase classname="Day33ParameterizationTesting.ExcelReaderHelper" name="fbtest" time="0.000">
    <skipped/>
  </testcase> <!-- fbtest -->
</testsuite> <!-- Day33ParameterizationTesting.ExcelReaderHelper -->
