<?xml version="1.0" encoding="UTF-8"?>
<!-- Generated by org.testng.reporters.JUnitReportReporter -->
<testsuite ignored="0" hostname="Hasans-MBP.lan" failures="0" tests="3" name="Day33ParameterizationTesting.ExcelReaderPracticeHelper" time="37.534" errors="0" timestamp="16 Aug 2022 03:38:20 GMT" skipped="0">
  <testcase classname="Day33ParameterizationTesting.ExcelReaderPracticeHelper" name="fbregtest" time="9.284"/>
  <testcase classname="Day33ParameterizationTesting.ExcelReaderPracticeHelper" name="fbregtest" time="12.434"/>
  <testcase classname="Day33ParameterizationTesting.ExcelReaderPracticeHelper" name="fbregtest" time="15.816"/>
</testsuite> <!-- Day33ParameterizationTesting.ExcelReaderPracticeHelper -->
