<?xml version="1.0" encoding="UTF-8"?>
<!-- Generated by org.testng.reporters.JUnitReportReporter -->
<testsuite ignored="0" hostname="Hasans-MBP.lan" failures="0" tests="2" name="Day33ParameterizationTesting.FacebookLogin" time="1.593" errors="0" timestamp="29 Nov 2022 03:54:00 GMT" skipped="0">
  <testcase classname="Day33ParameterizationTesting.FacebookLogin" name="logintest" time="1.175"/>
  <testcase classname="Day33ParameterizationTesting.FacebookLogin" name="logintest" time="0.418"/>
</testsuite> <!-- Day33ParameterizationTesting.FacebookLogin -->
